Log file open, 11/22/18 12:28:27
LogWindows: Failed to load 'aqProf.dll' (GetLastError=126)
LogWindows: File 'aqProf.dll' does not exist
LogWindows: Failed to load 'VSPerf140.dll' (GetLastError=126)
LogWindows: File 'VSPerf140.dll' does not exist
LogWindows: Failed to load 'VtuneApi.dll' (GetLastError=126)
LogWindows: File 'VtuneApi.dll' does not exist
LogWindows: Failed to load 'VtuneApi32e.dll' (GetLastError=126)
LogWindows: File 'VtuneApi32e.dll' does not exist
LogInit: Display: Running engine for game: Project4
LogPlatformFile: Not using cached read wrapper
LogTaskGraph: Started task graph with 5 named threads and 23 total threads with 3 sets of task threads.
LogStats: Stats thread started at 0.306534
LogD3D11RHI: Loaded GFSDK_Aftermath_Lib.x64.dll
LogICUInternationalization: Display: ICU TimeZone Detection - Raw Offset: -5:00, Platform Override: ''
LogPluginManager: Mounting plugin Paper2D
LogPluginManager: Mounting plugin AISupport
LogPluginManager: Mounting plugin LightPropagationVolume
LogPluginManager: Mounting plugin CLionSourceCodeAccess
LogPluginManager: Mounting plugin CodeLiteSourceCodeAccess
LogPluginManager: Mounting plugin GitSourceControl
LogPluginManager: Mounting plugin KDevelopSourceCodeAccess
LogPluginManager: Mounting plugin NullSourceCodeAccess
LogPluginManager: Mounting plugin PerforceSourceControl
LogPluginManager: Mounting plugin SubversionSourceControl
LogPluginManager: Mounting plugin UObjectPlugin
LogPluginManager: Mounting plugin VisualStudioCodeSourceCodeAccess
LogPluginManager: Mounting plugin VisualStudioSourceCodeAccess
LogPluginManager: Mounting plugin XCodeSourceCodeAccess
LogPluginManager: Mounting plugin AssetManagerEditor
LogPluginManager: Mounting plugin CryptoKeys
LogPluginManager: Mounting plugin DataValidation
LogPluginManager: Mounting plugin FacialAnimation
LogPluginManager: Mounting plugin GameplayTagsEditor
LogPluginManager: Mounting plugin MacGraphicsSwitching
LogPluginManager: Mounting plugin MeshEditor
LogPluginManager: Mounting plugin MobileLauncherProfileWizard
LogPluginManager: Mounting plugin PluginBrowser
LogPluginManager: Mounting plugin SpeedTreeImporter
LogPluginManager: Mounting plugin DatasmithContent
LogPluginManager: Mounting plugin AlembicImporter
LogPluginManager: Mounting plugin AppleImageUtils
LogPluginManager: Mounting plugin AppleVision
LogPluginManager: Mounting plugin BackChannel
LogPluginManager: Mounting plugin CharacterAI
LogPluginManager: Mounting plugin GeometryCache
LogPluginManager: Mounting plugin HTML5Networking
LogPluginManager: Mounting plugin ProxyLODPlugin
LogPluginManager: Mounting plugin MagicLeap
LogPluginManager: Mounting plugin MagicLeapEmulator
LogPluginManager: Mounting plugin MagicLeapMedia
LogPluginManager: Mounting plugin AndroidMedia
LogPluginManager: Mounting plugin AvfMedia
LogPluginManager: Mounting plugin ImgMedia
LogPluginManager: Mounting plugin LinearTimecode
LogPluginManager: Mounting plugin MediaCompositing
LogPluginManager: Mounting plugin MediaPlayerEditor
LogPluginManager: Mounting plugin WmfMedia
LogPluginManager: Mounting plugin TcpMessaging
LogPluginManager: Mounting plugin UdpMessaging
LogPluginManager: Mounting plugin ActorSequence
LogPluginManager: Mounting plugin LevelSequenceEditor
LogPluginManager: Mounting plugin MatineeToLevelSequence
LogPluginManager: Mounting plugin NetcodeUnitTest
LogPluginManager: Mounting plugin NUTUnrealEngine4
LogPluginManager: Mounting plugin OnlineSubsystemGooglePlay
LogPluginManager: Mounting plugin OnlineSubsystemIOS
LogPluginManager: Mounting plugin OnlineSubsystem
LogPluginManager: Mounting plugin OnlineSubsystemNull
LogPluginManager: Mounting plugin OnlineSubsystemUtils
LogPluginManager: Mounting plugin LauncherChunkInstaller
LogPluginManager: Mounting plugin AndroidDeviceProfileSelector
LogPluginManager: Mounting plugin AndroidMoviePlayer
LogPluginManager: Mounting plugin AndroidPermission
LogPluginManager: Mounting plugin AppleMoviePlayer
LogPluginManager: Mounting plugin ArchVisCharacter
LogPluginManager: Mounting plugin AudioCapture
LogPluginManager: Mounting plugin CableComponent
LogPluginManager: Mounting plugin CustomMeshComponent
LogPluginManager: Mounting plugin EditableMesh
LogPluginManager: Mounting plugin ExampleDeviceProfileSelector
LogPluginManager: Mounting plugin GoogleCloudMessaging
LogPluginManager: Mounting plugin ImmediatePhysics
LogPluginManager: Mounting plugin IOSDeviceProfileSelector
LogPluginManager: Mounting plugin LinuxDeviceProfileSelector
LogPluginManager: Mounting plugin LocationServicesBPLibrary
LogPluginManager: Mounting plugin MobilePatchingUtils
LogPluginManager: Mounting plugin OculusVR
LogPluginManager: Plugin shader directory ../../../Engine/Plugins/Runtime/Oculus/OculusVR/Shaders found
LogPluginManager: Mapping shader source directory ../../../Engine/Plugins/Runtime/Oculus/OculusVR/Shaders to virtual directory /Plugin/OculusVR
LogPluginManager: Mounting plugin PhysXVehicles
LogPluginManager: Mounting plugin ProceduralMeshComponent
LogPluginManager: Mounting plugin RuntimePhysXCooking
LogPluginManager: Mounting plugin SteamVR
LogPluginManager: Mounting plugin WindowsMoviePlayer
LogStreaming: Display: Took  0.265s to configure plugins.
LogInit: Using libcurl 7.55.1-DEV
LogInit:  - built for x86_64-pc-win32
LogInit:  - supports SSL with OpenSSL/1.0.2h
LogInit:  - supports HTTP deflate (compression) using libz 1.2.8
LogInit:  - other features:
LogInit:      CURL_VERSION_SSL
LogInit:      CURL_VERSION_LIBZ
LogInit:      CURL_VERSION_IPV6
LogInit:      CURL_VERSION_ASYNCHDNS
LogInit:      CURL_VERSION_LARGEFILE
LogInit:      CURL_VERSION_IDN
LogInit:  CurlRequestOptions (configurable via config and command line):
LogInit:  - bVerifyPeer = false  - Libcurl will NOT verify peer certificate
LogInit:  - bUseHttpProxy = false  - Libcurl will NOT use HTTP proxy
LogInit:  - bDontReuseConnections = false  - Libcurl will reuse connections
LogInit:  - CertBundlePath = nullptr  - Libcurl will use whatever was configured at build time.
LogInit:  - MaxHostConnections = 16  - Libcurl will limit the number of connections to a host
LogInit:  - LocalHostAddr = Default
LogInit:  - BufferSize = 65536
LogInit: WinSock: version 1.1 (2.2), MaxSocks=32767, MaxUdp=65467
LogInit: Build: ++UE4+Release-4.20-CL-4369336
LogInit: Engine Version: 4.20.3-4369336+++UE4+Release-4.20
LogInit: Compatible Engine Version: 4.20.0-4212847+++UE4+Release-4.20
LogInit: Net CL: 4212847
LogInit: OS: Windows 10 (), CPU: Intel(R) Core(TM) i7-7700HQ CPU @ 2.80GHz, GPU: Intel(R) HD Graphics 630
LogInit: Compiled (64-bit): Sep 17 2018 12:26:19
LogInit: Compiled with Visual C++: 19.13.26129.00
LogInit: Build Configuration: Development
LogInit: Branch Name: ++UE4+Release-4.20
LogInit: Command Line: 
LogInit: Base Directory: C:/Program Files/Epic Games/UE_4.20/Engine/Binaries/Win64/
LogInit: Installed Engine Build: 1
LogDevObjectVersion: Number of dev versions registered: 20
LogDevObjectVersion:   Dev-Blueprints (B0D832E4-1F89-4F0D-ACCF-7EB736FD4AA2): 10
LogDevObjectVersion:   Dev-Build (E1C64328-A22C-4D53-A36C-8E866417BD8C): 0
LogDevObjectVersion:   Dev-Core (375EC13C-06E4-48FB-B500-84F0262A717E): 2
LogDevObjectVersion:   Dev-Editor (E4B068ED-F494-42E9-A231-DA0B2E46BB41): 24
LogDevObjectVersion:   Dev-Framework (CFFC743F-43B0-4480-9391-14DF171D2073): 34
LogDevObjectVersion:   Dev-Mobile (B02B49B5-BB20-44E9-A304-32B752E40360): 2
LogDevObjectVersion:   Dev-Networking (A4E4105C-59A1-49B5-A7C5-40C4547EDFEE): 0
LogDevObjectVersion:   Dev-Online (39C831C9-5AE6-47DC-9A44-9C173E1C8E7C): 0
LogDevObjectVersion:   Dev-Physics (78F01B33-EBEA-4F98-B9B4-84EACCB95AA2): 0
LogDevObjectVersion:   Dev-Platform (6631380F-2D4D-43E0-8009-CF276956A95A): 0
LogDevObjectVersion:   Dev-Rendering (12F88B9F-8875-4AFC-A67C-D90C383ABD29): 26
LogDevObjectVersion:   Dev-Sequencer (7B5AE74C-D270-4C10-A958-57980B212A5A): 9
LogDevObjectVersion:   Dev-VR (D7296918-1DD6-4BDD-9DE2-64A83CC13884): 2
LogDevObjectVersion:   Dev-LoadTimes (C2A15278-BFE7-4AFE-6C17-90FF531DF755): 1
LogDevObjectVersion:   Private-Geometry (6EACA3D4-40EC-4CC1-B786-8BED09428FC5): 3
LogDevObjectVersion:   Dev-AnimPhys (29E575DD-E0A3-4627-9D10-D276232CDCEA): 17
LogDevObjectVersion:   Dev-ReflectionCapture (6B266CEC-1EC7-4B8F-A30B-E4D90942FC07): 1
LogDevObjectVersion:   Dev-Automation (0DF73D61-A23F-47EA-B727-89E90C41499A): 1
LogDevObjectVersion:   FortniteMain (601D1886-AC64-4F84-AA16-D3DE0DEAC7D6): 12
LogDevObjectVersion:   Dev-Enterprise (9DFFBCD6-494F-0158-E221-12823C92A888): 1
LogStreaming: Display: Took  0.000s to delete old logs.
LogInit: Presizing for max 8388607 objects, including 0 objects not considered by GC, pre-allocating 0 bytes for permanent pool.
LogInit: Object subsystem initialized
[2018.11.22-17.28.27:809][  0]LogInit: Selected Device Profile: [Windows]
[2018.11.22-17.28.27:809][  0]LogInit: Applying CVar settings loaded from the selected device profile: [Windows]
[2018.11.22-17.28.27:832][  0]LogHAL: Display: Platform has ~ 16 GB [17024626688 / 17179869184 / 16], which maps to Larger [LargestMinGB=32, LargerMinGB=12, DefaultMinGB=8, SmallerMinGB=6, SmallestMinGB=0)
[2018.11.22-17.28.27:832][  0]LogInit: Setting Device Profile CVar: [[r.Vulkan.UseRealUBs:1]]
[2018.11.22-17.28.27:832][  0]LogInit: Going up to parent DeviceProfile []
[2018.11.22-17.28.27:833][  0]LogInit: Computer: ALEXLAPTOP
[2018.11.22-17.28.27:833][  0]LogInit: User: sidgwa
[2018.11.22-17.28.27:833][  0]LogInit: CPU Page size=4096, Cores=4
[2018.11.22-17.28.27:833][  0]LogInit: High frequency timer resolution =2.742188 MHz
[2018.11.22-17.28.27:834][  0]LogMemory: Memory total: Physical=15.9GB (16GB approx)
[2018.11.22-17.28.27:834][  0]LogMemory: Platform Memory Stats for Windows
[2018.11.22-17.28.27:834][  0]LogMemory: Process Physical Memory: 100.22 MB used, 100.22 MB peak
[2018.11.22-17.28.27:834][  0]LogMemory: Process Virtual Memory: 89.41 MB used, 89.41 MB peak
[2018.11.22-17.28.27:834][  0]LogMemory: Physical Memory: 9622.66 MB used,  6613.29 MB free, 16235.95 MB total
[2018.11.22-17.28.27:834][  0]LogMemory: Virtual Memory: 4638.57 MB used,  6613.29 MB free, 134217728.00 MB total
[2018.11.22-17.28.27:859][  0]LogInit: Using OS detected language (en-US).
[2018.11.22-17.28.27:859][  0]LogInit: Using OS detected locale (en-US).
[2018.11.22-17.28.27:860][  0]LogTextLocalizationManager: No specific localization for 'en-US' exists, so the 'en' localization will be used.
[2018.11.22-17.28.28:402][  0]LogStreaming: Display: Took  0.542s to InitEngineTextLocalization.
[2018.11.22-17.28.28:402][  0]LogInit: Setting process to per monitor DPI aware
[2018.11.22-17.28.28:461][  0]LogSlate: New Slate User Created.  User Index 0, Is Virtual User: 0
[2018.11.22-17.28.28:461][  0]LogSlate: Slate User Registered.  User Index 0, Is Virtual User: 0
[2018.11.22-17.28.28:746][  0]LogHMD: Failed to initialize OpenVR with code 110
[2018.11.22-17.28.28:746][  0]LogD3D11RHI: D3D11 adapters:
[2018.11.22-17.28.28:820][  0]LogD3D11RHI:    0. 'NVIDIA GeForce GTX 1050' (Feature Level 11_0)
[2018.11.22-17.28.28:820][  0]LogD3D11RHI:       4021/0/8117 MB DedicatedVideo/DedicatedSystem/SharedSystem, Outputs:1, VendorId:0x10de
[2018.11.22-17.28.28:832][  0]LogD3D11RHI:    1. 'Intel(R) HD Graphics 630' (Feature Level 11_0)
[2018.11.22-17.28.28:832][  0]LogD3D11RHI:       128/0/8117 MB DedicatedVideo/DedicatedSystem/SharedSystem, Outputs:0, VendorId:0x8086
[2018.11.22-17.28.28:835][  0]LogD3D11RHI:    2. 'Microsoft Basic Render Driver' (Feature Level 11_0)
[2018.11.22-17.28.28:835][  0]LogD3D11RHI:       0/0/8117 MB DedicatedVideo/DedicatedSystem/SharedSystem, Outputs:0, VendorId:0x1414
[2018.11.22-17.28.28:835][  0]LogD3D11RHI: Chosen D3D11 Adapter: 0
[2018.11.22-17.28.28:863][  0]LogD3D11RHI: Creating new Direct3DDevice
[2018.11.22-17.28.28:863][  0]LogD3D11RHI:     GPU DeviceId: 0x1c8d (for the marketing name, search the web for "GPU Device Id")
[2018.11.22-17.28.28:863][  0]LogWindows: EnumDisplayDevices:
[2018.11.22-17.28.28:863][  0]LogWindows:    0. 'Intel(R) HD Graphics 630' (P:1 D:1)
[2018.11.22-17.28.28:864][  0]LogWindows:    1. 'Intel(R) HD Graphics 630' (P:0 D:0)
[2018.11.22-17.28.28:864][  0]LogWindows:    2. 'Intel(R) HD Graphics 630' (P:0 D:0)
[2018.11.22-17.28.28:864][  0]LogWindows: DebugString: PrimaryIsNotTheChoosenAdapter PrimaryIsNotTheChoosenAdapter PrimaryIsNotTheChoosenAdapter FoundDriverCount:0 
[2018.11.22-17.28.28:864][  0]LogD3D11RHI:     Adapter Name: NVIDIA GeForce GTX 1050
[2018.11.22-17.28.28:865][  0]LogD3D11RHI:   Driver Version: Unknown (internal:Unknown, unified:Unknown)
[2018.11.22-17.28.28:865][  0]LogD3D11RHI:      Driver Date: Unknown
[2018.11.22-17.28.28:865][  0]LogRHI: Texture pool is 2814 MB (70% of 4021 MB)
[2018.11.22-17.28.28:920][  0]LogD3D11RHI: Async texture creation enabled
[2018.11.22-17.28.28:957][  0]LogD3D11RHI: GPU Timing Frequency: 1000.000000 (Debug: 2 2)
[2018.11.22-17.28.28:959][  0]LogShaderCompilers: Guid format shader working directory is -32 characters bigger than the processId version (../../../../../../Users/sidgwa/Documents/Game Development 1/GameDev-4/Project4/Intermediate/Shaders/WorkingDirectory/26100/).
[2018.11.22-17.28.28:959][  0]LogShaderCompilers: Cleaned the shader compiler working directory 'C:/Users/sidgwa/AppData/Local/Temp/UnrealShaderWorkingDir/DB6DC6B443772D14F48706B5FDA1DA37/'.
[2018.11.22-17.28.29:356][  0]LogTemp: Display: Loaded TP AllDesktopTargetPlatform
[2018.11.22-17.28.29:374][  0]LogTemp: Display: Loaded TP MacClientTargetPlatform
[2018.11.22-17.28.29:391][  0]LogTemp: Display: Loaded TP MacNoEditorTargetPlatform
[2018.11.22-17.28.29:408][  0]LogTemp: Display: Loaded TP MacServerTargetPlatform
[2018.11.22-17.28.29:427][  0]LogTemp: Display: Loaded TP MacTargetPlatform
[2018.11.22-17.28.29:444][  0]LogTemp: Display: Loaded TP WindowsClientTargetPlatform
[2018.11.22-17.28.29:461][  0]LogTemp: Display: Loaded TP WindowsNoEditorTargetPlatform
[2018.11.22-17.28.29:479][  0]LogTemp: Display: Loaded TP WindowsServerTargetPlatform
[2018.11.22-17.28.29:487][  0]LogTemp: Display: Loaded TP WindowsTargetPlatform
[2018.11.22-17.28.29:606][  0]LogTemp: Display: Loaded TP AndroidTargetPlatform
[2018.11.22-17.28.29:606][  0]LogTemp: Display: Loaded TP AndroidTargetPlatform
[2018.11.22-17.28.29:606][  0]LogTemp: Display: Loaded TP AndroidTargetPlatform
[2018.11.22-17.28.29:606][  0]LogTemp: Display: Loaded TP AndroidTargetPlatform
[2018.11.22-17.28.29:606][  0]LogTemp: Display: Loaded TP AndroidTargetPlatform
[2018.11.22-17.28.29:606][  0]LogTemp: Display: Loaded TP AndroidTargetPlatform
[2018.11.22-17.28.29:606][  0]LogTemp: Display: Loaded TP AndroidTargetPlatform
[2018.11.22-17.28.29:606][  0]LogTemp: Display: Loaded TP AndroidTargetPlatform
[2018.11.22-17.28.29:606][  0]LogTemp: Display: Loaded TP AndroidTargetPlatform
[2018.11.22-17.28.29:606][  0]LogTemp: Display: Loaded TP AndroidTargetPlatform
[2018.11.22-17.28.29:606][  0]LogTemp: Display: Loaded TP AndroidTargetPlatform
[2018.11.22-17.28.29:606][  0]LogTemp: Display: Loaded TP AndroidTargetPlatform
[2018.11.22-17.28.29:606][  0]LogTemp: Display: Loaded TP AndroidTargetPlatform
[2018.11.22-17.28.29:606][  0]LogTemp: Display: Loaded TP AndroidTargetPlatform
[2018.11.22-17.28.29:606][  0]LogTemp: Display: Loaded TP AndroidTargetPlatform
[2018.11.22-17.28.29:606][  0]LogTemp: Display: Loaded TP AndroidTargetPlatform
[2018.11.22-17.28.29:606][  0]LogTemp: Display: Loaded TP AndroidTargetPlatform
[2018.11.22-17.28.29:606][  0]LogTemp: Display: Loaded TP AndroidTargetPlatform
[2018.11.22-17.28.29:607][  0]LogTemp: Display: Loaded TP HTML5TargetPlatform
[2018.11.22-17.28.29:679][  0]LogTemp: Display: Loaded TP IOSTargetPlatform
[2018.11.22-17.28.29:679][  0]LogTemp: Display: Loaded TP IOSTargetPlatform
[2018.11.22-17.28.29:712][  0]LogTemp: Display: Loaded TP TVOSTargetPlatform
[2018.11.22-17.28.29:712][  0]LogTemp: Display: Loaded TP TVOSTargetPlatform
[2018.11.22-17.28.29:728][  0]LogTemp: Display: Loaded TP LinuxClientTargetPlatform
[2018.11.22-17.28.29:746][  0]LogTemp: Display: Loaded TP LinuxNoEditorTargetPlatform
[2018.11.22-17.28.29:763][  0]LogTemp: Display: Loaded TP LinuxServerTargetPlatform
[2018.11.22-17.28.29:780][  0]LogTemp: Display: Loaded TP LinuxTargetPlatform
[2018.11.22-17.28.29:793][  0]LogTemp: Display: Loaded TP LuminTargetPlatform
[2018.11.22-17.28.29:793][  0]LogTargetPlatformManager: Display: Building Assets For Windows
[2018.11.22-17.28.29:855][  0]LogXGEController: Cannot use XGE Controller as Incredibuild is not installed on this machine.
[2018.11.22-17.28.29:855][  0]LogShaderCompilers: Cannot use XGE Shader Compiler as Incredibuild is not installed on this machine.
[2018.11.22-17.28.29:855][  0]LogShaderCompilers: Display: Using Local Shader Compiler.
[2018.11.22-17.28.30:895][  0]LogDerivedDataCache: Display: Max Cache Size: 512 MB
[2018.11.22-17.28.30:975][  0]LogDerivedDataCache: Loaded boot cache 0.08s 87MB C:/Users/sidgwa/AppData/Local/UnrealEngine/4.20/DerivedDataCache/Boot.ddc.
[2018.11.22-17.28.30:976][  0]LogDerivedDataCache: Display: Loaded Boot cache: C:/Users/sidgwa/AppData/Local/UnrealEngine/4.20/DerivedDataCache/Boot.ddc
[2018.11.22-17.28.30:976][  0]LogDerivedDataCache: FDerivedDataBackendGraph:  Pak pak cache file ../../../../../../Users/sidgwa/Documents/Game Development 1/GameDev-4/Project4/DerivedDataCache/DDC.ddp not found, will not use a pak cache.
[2018.11.22-17.28.30:976][  0]LogDerivedDataCache: Unable to find inner node Pak for hierarchical cache Hierarchy.
[2018.11.22-17.28.30:976][  0]LogDerivedDataCache: FDerivedDataBackendGraph:  CompressedPak pak cache file ../../../../../../Users/sidgwa/Documents/Game Development 1/GameDev-4/Project4/DerivedDataCache/Compressed.ddp not found, will not use a pak cache.
[2018.11.22-17.28.30:976][  0]LogDerivedDataCache: Unable to find inner node CompressedPak for hierarchical cache Hierarchy.
[2018.11.22-17.28.30:995][  0]LogDerivedDataCache: Display: Pak cache opened for reading ../../../Engine/DerivedDataCache/Compressed.ddp.
[2018.11.22-17.28.31:008][  0]LogDerivedDataCache: Using Local data cache path C:/Users/sidgwa/AppData/Local/UnrealEngine/Common/DerivedDataCache: Writable
[2018.11.22-17.28.31:008][  0]LogDerivedDataCache: Shared data cache path not found in *engine.ini, will not use an Shared cache.
[2018.11.22-17.28.31:008][  0]LogDerivedDataCache: Unable to find inner node Shared for hierarchical cache Hierarchy.
[2018.11.22-17.28.31:038][  0]LogMaterial: Verifying Global Shaders for PCD3D_SM5
[2018.11.22-17.28.31:040][  0]LogSlate: Using FreeType 2.6.0
[2018.11.22-17.28.31:041][  0]LogSlate: SlateFontServices - WITH_FREETYPE: 1, WITH_HARFBUZZ: 1
[2018.11.22-17.28.31:134][  0]LogAssetRegistry: FAssetRegistry took 0.0277 seconds to start up
[2018.11.22-17.28.31:595][  0]LogInit: Selected Device Profile: [Windows]
[2018.11.22-17.28.31:810][  0]LogSimplygon: Simplygon DLL not present - disabling.
[2018.11.22-17.28.31:814][  0]LogMeshReduction: Using SimplygonSwarm for distributed automatic mesh merging
[2018.11.22-17.28.31:814][  0]LogMeshReduction: Using ProxyLODMeshReduction for automatic mesh merging
[2018.11.22-17.28.31:814][  0]LogMeshReduction: Using QuadricMeshReduction for automatic static mesh reduction
[2018.11.22-17.28.31:814][  0]LogMeshReduction: No automatic skeletal mesh reduction module available
[2018.11.22-17.28.31:834][  0]LogNetVersion: Project4 1.0.0, NetCL: 4212847, EngineNetVer: 5, GameNetVer: 0 (Checksum: 1992437466)
[2018.11.22-17.28.32:679][  0]LogPackageLocalizationCache: Processed 11 localized package path(s) for 2 prioritized culture(s) in 0.219236 seconds
[2018.11.22-17.28.32:690][  0]LogUObjectArray: 38425 objects as part of root set at end of initial load.
[2018.11.22-17.28.32:691][  0]LogUObjectAllocator: 6690864 out of 0 bytes used by permanent object pool.
[2018.11.22-17.28.32:691][  0]LogUObjectArray: CloseDisregardForGC: 0/0 objects in disregard for GC pool
[2018.11.22-17.28.33:951][  0]LogTcpMessaging: Initializing TcpMessaging bridge
[2018.11.22-17.28.33:995][  0]LogUdpMessaging: Initializing bridge on interface 0.0.0.0:0 to multicast group 230.0.0.1:6666.
[2018.11.22-17.28.34:162][  0]SourceControl: Source control is disabled
[2018.11.22-17.28.34:162][  0]SourceControl: Source control is disabled
[2018.11.22-17.28.34:163][  0]SourceControl: Source control is disabled
[2018.11.22-17.28.34:164][  0]SourceControl: Source control is disabled
[2018.11.22-17.28.34:358][  0]LogAndroidPermission: UAndroidPermissionCallbackProxy::GetInstance
[2018.11.22-17.28.34:533][  0]LogOcInput: OculusInput pre-init called
[2018.11.22-17.28.34:607][  0]LogEngine: Initializing Engine...
[2018.11.22-17.28.34:608][  0]LogHMD: Failed to initialize OpenVR with code 110
[2018.11.22-17.28.34:609][  0]LogStats: UGameplayTagsManager::ConstructGameplayTagTree: ImportINI prefixes -  0.000 s
[2018.11.22-17.28.34:609][  0]LogStats: UGameplayTagsManager::ConstructGameplayTagTree: Construct from data asset -  0.000 s
[2018.11.22-17.28.34:610][  0]LogStats: UGameplayTagsManager::ConstructGameplayTagTree: ImportINI -  0.000 s
[2018.11.22-17.28.34:610][  0]LogStats: UGameplayTagsManager::ConstructGameplayTagTree: GameplayTagTreeChangedEvent.Broadcast -  0.000 s
[2018.11.22-17.28.34:892][  0]LogInit: Initializing FReadOnlyCVARCache
[2018.11.22-17.28.34:906][  0]LogAIModule: Creating AISystem for world Untitled
[2018.11.22-17.28.35:004][  0]LogInit: XAudio2 using 'Speakers / Headphones (Realtek Audio)' : 2 channels at 48 kHz using 32 bits per sample (channel mask 0x3)
[2018.11.22-17.28.36:079][  0]LogInit: FAudioDevice initialized.
[2018.11.22-17.28.36:079][  0]LogNetVersion: Set ProjectVersion to 1.0.0.0. Version Checksum will be recalculated on next use.
[2018.11.22-17.28.36:148][  0]LogDerivedDataCache: Saved boot cache 0.07s 71MB C:/Users/sidgwa/AppData/Local/UnrealEngine/4.20/DerivedDataCache/Boot.ddc.
[2018.11.22-17.28.36:154][  0]LogInit: Texture streaming: Enabled
[2018.11.22-17.28.36:171][  0]LogEngineSessionManager: EngineSessionManager initialized
[2018.11.22-17.28.36:195][  0]LogInit: Transaction tracking system initialized
[2018.11.22-17.28.36:214][  0]BlueprintLog: New page: Editor Load
[2018.11.22-17.28.36:377][  0]LocalizationService: Localization service is disabled
[2018.11.22-17.28.36:711][  0]LogFileCache: Scanning file cache for directory 'C:/Users/sidgwa/Documents/Game Development 1/GameDev-4/Project4/Content/' took 0.01s
[2018.11.22-17.28.36:711][  0]LogCook: Display: Max memory allowance for cook 16384mb min free memory 0mb
[2018.11.22-17.28.36:712][  0]LogCook: Display: Mobile HDR setting 1
[2018.11.22-17.28.36:712][  0]LogGameplayTags: Display: UGameplayTagsManager::DoneAddingNativeTags. DelegateIsBound: 0
[2018.11.22-17.28.36:712][  0]LogStats: UGameplayTagsManager::ConstructGameplayTagTree: ImportINI prefixes -  0.000 s
[2018.11.22-17.28.36:712][  0]LogStats: UGameplayTagsManager::ConstructGameplayTagTree: Construct from data asset -  0.000 s
[2018.11.22-17.28.36:712][  0]LogStats: UGameplayTagsManager::ConstructGameplayTagTree: ImportINI -  0.000 s
[2018.11.22-17.28.36:712][  0]LogStats: UGameplayTagsManager::ConstructGameplayTagTree: GameplayTagTreeChangedEvent.Broadcast -  0.000 s
[2018.11.22-17.28.36:862][  0]SourceControl: Source control is disabled
[2018.11.22-17.28.36:862][  0]Cmd: MAP LOAD FILE="../../../Engine/Content/Maps/Templates/Template_Default.umap" TEMPLATE=1 SHOWPROGRESS=1 FEATURELEVEL=3
[2018.11.22-17.28.36:863][  0]LightingResults: New page: Lighting Build
[2018.11.22-17.28.36:865][  0]MapCheck: New page: Map Check
[2018.11.22-17.28.36:865][  0]LightingResults: New page: Lighting Build
[2018.11.22-17.28.37:164][  0]LogAIModule: Creating AISystem for world Untitled_1
[2018.11.22-17.28.37:172][  0]LogEditorServer: Finished looking for orphan Actors (0.000 secs)
[2018.11.22-17.28.37:207][  0]Cmd: MAP CHECKDEP NOCLEARLOG
[2018.11.22-17.28.37:286][  0]MapCheck: Map check complete: 0 Error(s), 0 Warning(s), took 77.943ms to complete.
[2018.11.22-17.28.37:286][  0]LogFileHelpers: Loading map 'Template_Default' took 0.424
[2018.11.22-17.28.37:473][  0]LogSlate: Updating window title bar state: overlay mode, drag disabled, window buttons hidden, title bar hidden
[2018.11.22-17.28.37:484][  0]LogSlate: Updating window title bar state: overlay mode, drag disabled, window buttons hidden, title bar hidden
[2018.11.22-17.28.37:494][  0]LogSlate: Updating window title bar state: overlay mode, drag disabled, window buttons hidden, title bar hidden
[2018.11.22-17.28.37:503][  0]LogSlate: Updating window title bar state: overlay mode, drag disabled, window buttons hidden, title bar hidden
[2018.11.22-17.28.37:519][  0]LogCollectionManager: Loaded 0 collections in 0.000985 seconds
[2018.11.22-17.28.37:579][  0]LogFileCache: Scanning file cache for directory 'C:/Users/sidgwa/Documents/Game Development 1/GameDev-4/Project4/Saved/Collections/' took 0.01s
[2018.11.22-17.28.37:580][  0]LogFileCache: Scanning file cache for directory 'C:/Users/sidgwa/Documents/Game Development 1/GameDev-4/Project4/Content/Developers/sidgwa/Collections/' took 0.01s
[2018.11.22-17.28.37:580][  0]LogFileCache: Scanning file cache for directory 'C:/Users/sidgwa/Documents/Game Development 1/GameDev-4/Project4/Content/Collections/' took 0.01s
[2018.11.22-17.28.37:580][  0]LogCollectionManager: Rebuilt the GUID cache for 0 collections in 0.000000 seconds
[2018.11.22-17.28.37:594][  0]LogContentBrowser: Native class hierarchy populated in 0.0132 seconds. Added 2572 classes and 603 folders.
[2018.11.22-17.28.37:607][  0]LogContentBrowser: Native class hierarchy updated for 'WidgetCarousel' in 0.0003 seconds. Added 0 classes and 0 folders.
[2018.11.22-17.28.38:170][  0]LogContentBrowser: Native class hierarchy updated for 'AddContentDialog' in 0.0003 seconds. Added 0 classes and 0 folders.
[2018.11.22-17.28.38:180][  0]LogContentBrowser: Native class hierarchy updated for 'SceneOutliner' in 0.0004 seconds. Added 1 classes and 2 folders.
[2018.11.22-17.28.38:236][  0]LogSlate: Took 0.000246 seconds to synchronously load lazily loaded font '../../../Engine/Content/Slate/Fonts/Roboto-Regular.ttf' (155K)
[2018.11.22-17.28.38:239][  0]LogSlate: Took 0.000222 seconds to synchronously load lazily loaded font '../../../Engine/Content/Slate/Fonts/Roboto-Bold.ttf' (160K)
[2018.11.22-17.28.38:258][  0]LogSlate: Took 0.008708 seconds to synchronously load lazily loaded font '../../../Engine/Content/Editor/Slate/Fonts/FontAwesome.ttf' (139K)
[2018.11.22-17.28.38:437][  0]LogRenderer: Reallocating scene render targets to support 1208x576 Format 10 NumSamples 1 (Frame:1).
[2018.11.22-17.28.38:690][  0]LogContentBrowser: Native class hierarchy updated for 'HierarchicalLODOutliner' in 0.0003 seconds. Added 0 classes and 0 folders.
[2018.11.22-17.28.38:690][  0]LogLoad: (Engine Initialization) Total time: 12.79 seconds
[2018.11.22-17.28.38:690][  0]LogLoad: (Engine Initialization) Total Blueprint compile time: 0.00 seconds
[2018.11.22-17.28.38:708][  0]LogWindowsTextInputMethodSystem: Display: IME system now deactivated.
[2018.11.22-17.28.38:747][  0]LogContentStreaming: Texture pool size now 1000 MB
[2018.11.22-17.28.44:603][343]LogAssetRegistry: Asset discovery search completed in 13.4923 seconds
[2018.11.22-17.28.44:606][343]LogCollectionManager: Rebuilt the object cache for 0 collections in 0.000000 seconds (found 0 objects)
[2018.11.22-17.28.44:606][343]LogCollectionManager: Fixed up redirectors for 0 collections in 0.000100 seconds (updated 0 objects)
[2018.11.22-17.32.31:325][726]LogSlate: FSceneViewport::OnFocusLost() reason 0
[2018.11.22-17.32.43:848][462]LogSlate: Took 0.006057 seconds to synchronously load lazily loaded font '../../../Engine/Content/Slate/Fonts/Roboto-Italic.ttf' (157K)
[2018.11.22-17.32.45:417][556]LogSlate: FSceneViewport::OnFocusLost() reason 0
[2018.11.22-17.32.49:008][771]LogEditorViewport: Clicking on Actor (LMB): StaticMeshActor (Floor)
[2018.11.22-17.32.51:624][921]LogSlate: FSceneViewport::OnFocusLost() reason 0
[2018.11.22-17.32.59:175][368]LogSlate: FSceneViewport::OnFocusLost() reason 2
[2018.11.22-17.33.05:154][727]LogSlate: FSceneViewport::OnFocusLost() reason 0
[2018.11.22-17.33.55:795][758]LogSlate: FSceneViewport::OnFocusLost() reason 0
[2018.11.22-17.34.25:990][565]Cmd: TRANSACTION UNDO
[2018.11.22-17.34.25:990][565]LogEditorTransaction: Undo Move Actors
[2018.11.22-17.34.26:005][565]LogSlate: Took 0.000191 seconds to synchronously load lazily loaded font '../../../Engine/Content/Slate/Fonts/Roboto-Light.ttf' (167K)
[2018.11.22-17.34.28:383][708]LogSlate: FSceneViewport::OnFocusLost() reason 0
[2018.11.22-17.34.38:399][309]LogTemp: Repeating last play command: Selected Viewport
[2018.11.22-17.34.38:415][309]LogPlayLevel: PlayLevel: No blueprints needed recompiling
[2018.11.22-17.34.38:432][309]PIE: New page: PIE session: Untitled_1 (Nov 22, 2018, 7:34:38 AM)
[2018.11.22-17.34.38:433][309]LogPlayLevel: Creating play world package: /Temp/UEDPIE_0_Untitled_1
[2018.11.22-17.34.38:437][309]LogPlayLevel: PIE: StaticDuplicateObject took: (0.003931s)
[2018.11.22-17.34.38:438][309]LogAIModule: Creating AISystem for world Untitled_1
[2018.11.22-17.34.38:439][309]LogPlayLevel: PIE: World Init took: (0.001516s)
[2018.11.22-17.34.38:439][309]LogPlayLevel: PIE: Created PIE world by copying editor world from /Temp/Untitled_1.Untitled_1 to /Temp/UEDPIE_0_Untitled_1.Untitled_1 (0.006029s)
[2018.11.22-17.34.38:511][309]LogInit: XAudio2 using 'Speakers / Headphones (Realtek Audio)' : 2 channels at 48 kHz using 32 bits per sample (channel mask 0x3)
[2018.11.22-17.34.38:523][309]LogInit: FAudioDevice initialized.
[2018.11.22-17.34.38:565][309]LogLoad: Game class is 'GameModeBase'
[2018.11.22-17.34.38:572][309]LogWorld: Bringing World /Temp/UEDPIE_0_Untitled_1.Untitled_1 up for play (max tick rate 60) at 2018.11.22-12.34.38
[2018.11.22-17.34.38:572][309]LogWorld: Bringing up level for play took: 0.000708
[2018.11.22-17.34.38:597][309]LogContentBrowser: Native class hierarchy updated for 'MovieSceneCapture' in 0.0005 seconds. Added 10 classes and 0 folders.
[2018.11.22-17.34.38:600][309]PIE: Play in editor start time for /Temp/UEDPIE_0_Untitled_1 0.978
[2018.11.22-17.34.41:009][452]LogSlate: Updating window title bar state: overlay mode, drag disabled, window buttons hidden, title bar hidden
[2018.11.22-17.34.41:047][452]LogPlayLevel: Display: Shutting down PIE online subsystems
[2018.11.22-17.34.41:071][452]LogSlate: Updating window title bar state: overlay mode, drag disabled, window buttons hidden, title bar hidden
[2018.11.22-17.34.41:115][455]LogPlayLevel: Display: Destroying online subsystem :Context_3
[2018.11.22-17.34.47:084][813]LogSlate: FSceneViewport::OnFocusLost() reason 0
[2018.11.22-17.34.49:794][968]LogEditorActor: Deleted Actor: PlayerStart
[2018.11.22-17.34.49:816][968]LogEditorActor: Deleted 1 Actors (0.028 secs)
[2018.11.22-17.34.52:006][100]LogTemp: Repeating last play command: Selected Viewport
[2018.11.22-17.34.52:019][100]LogPlayLevel: PlayLevel: No blueprints needed recompiling
[2018.11.22-17.34.52:019][100]PIE: New page: PIE session: Untitled_1 (Nov 22, 2018, 7:34:52 AM)
[2018.11.22-17.34.52:019][100]LogPlayLevel: Creating play world package: /Temp/UEDPIE_0_Untitled_1
[2018.11.22-17.34.52:021][100]LogPlayLevel: PIE: StaticDuplicateObject took: (0.002404s)
[2018.11.22-17.34.52:023][100]LogAIModule: Creating AISystem for world Untitled_1
[2018.11.22-17.34.52:023][100]LogPlayLevel: PIE: World Init took: (0.001354s)
[2018.11.22-17.34.52:023][100]LogPlayLevel: PIE: Created PIE world by copying editor world from /Temp/Untitled_1.Untitled_1 to /Temp/UEDPIE_0_Untitled_1.Untitled_1 (0.004014s)
[2018.11.22-17.34.52:058][100]LogInit: XAudio2 using 'Speakers / Headphones (Realtek Audio)' : 2 channels at 48 kHz using 32 bits per sample (channel mask 0x3)
[2018.11.22-17.34.52:073][100]LogInit: FAudioDevice initialized.
[2018.11.22-17.34.52:106][100]LogLoad: Game class is 'GameModeBase'
[2018.11.22-17.34.52:108][100]LogWorld: Bringing World /Temp/UEDPIE_0_Untitled_1.Untitled_1 up for play (max tick rate 60) at 2018.11.22-12.34.52
[2018.11.22-17.34.52:108][100]LogWorld: Bringing up level for play took: 0.000531
[2018.11.22-17.34.52:121][100]PIE: Play in editor start time for /Temp/UEDPIE_0_Untitled_1 0.499
[2018.11.22-17.34.53:585][187]LogSlate: Updating window title bar state: overlay mode, drag disabled, window buttons hidden, title bar hidden
[2018.11.22-17.34.53:615][187]LogPlayLevel: Display: Shutting down PIE online subsystems
[2018.11.22-17.34.53:639][187]LogSlate: Updating window title bar state: overlay mode, drag disabled, window buttons hidden, title bar hidden
[2018.11.22-17.34.53:700][191]LogPlayLevel: Display: Destroying online subsystem :Context_4
[2018.11.22-17.34.55:500][299]LogSlate: FSceneViewport::OnFocusLost() reason 0
[2018.11.22-17.35.00:971][623]LogTemp: Repeating last play command: Selected Viewport
[2018.11.22-17.35.00:981][623]LogPlayLevel: PlayLevel: No blueprints needed recompiling
[2018.11.22-17.35.00:981][623]PIE: New page: PIE session: Untitled_1 (Nov 22, 2018, 7:35:00 AM)
[2018.11.22-17.35.00:981][623]LogPlayLevel: Creating play world package: /Temp/UEDPIE_0_Untitled_1
[2018.11.22-17.35.00:983][623]LogPlayLevel: PIE: StaticDuplicateObject took: (0.002042s)
[2018.11.22-17.35.00:983][623]LogAIModule: Creating AISystem for world Untitled_1
[2018.11.22-17.35.00:985][623]LogPlayLevel: PIE: World Init took: (0.001066s)
[2018.11.22-17.35.00:985][623]LogPlayLevel: PIE: Created PIE world by copying editor world from /Temp/Untitled_1.Untitled_1 to /Temp/UEDPIE_0_Untitled_1.Untitled_1 (0.003254s)
[2018.11.22-17.35.01:044][623]LogInit: XAudio2 using 'Speakers / Headphones (Realtek Audio)' : 2 channels at 48 kHz using 32 bits per sample (channel mask 0x3)
[2018.11.22-17.35.01:059][623]LogInit: FAudioDevice initialized.
[2018.11.22-17.35.01:089][623]LogLoad: Game class is 'GameModeBase'
[2018.11.22-17.35.01:090][623]LogWorld: Bringing World /Temp/UEDPIE_0_Untitled_1.Untitled_1 up for play (max tick rate 60) at 2018.11.22-12.35.01
[2018.11.22-17.35.01:090][623]LogWorld: Bringing up level for play took: 0.000656
[2018.11.22-17.35.01:103][623]PIE: Play in editor start time for /Temp/UEDPIE_0_Untitled_1 -0.519
[2018.11.22-17.35.06:583][951]LogSlate: Updating window title bar state: overlay mode, drag disabled, window buttons hidden, title bar hidden
[2018.11.22-17.35.06:618][951]LogPlayLevel: Display: Shutting down PIE online subsystems
[2018.11.22-17.35.06:644][951]LogSlate: Updating window title bar state: overlay mode, drag disabled, window buttons hidden, title bar hidden
[2018.11.22-17.35.06:691][954]LogPlayLevel: Display: Destroying online subsystem :Context_5
[2018.11.22-17.35.36:856][759]LogTemp: Repeating last play command: Selected Viewport
[2018.11.22-17.35.36:864][759]LogPlayLevel: PlayLevel: No blueprints needed recompiling
[2018.11.22-17.35.36:865][759]PIE: New page: PIE session: Untitled_1 (Nov 22, 2018, 7:35:36 AM)
[2018.11.22-17.35.36:865][759]LogPlayLevel: Creating play world package: /Temp/UEDPIE_0_Untitled_1
[2018.11.22-17.35.36:866][759]LogPlayLevel: PIE: StaticDuplicateObject took: (0.001697s)
[2018.11.22-17.35.36:867][759]LogAIModule: Creating AISystem for world Untitled_1
[2018.11.22-17.35.36:867][759]LogPlayLevel: PIE: World Init took: (0.000965s)
[2018.11.22-17.35.36:867][759]LogPlayLevel: PIE: Created PIE world by copying editor world from /Temp/Untitled_1.Untitled_1 to /Temp/UEDPIE_0_Untitled_1.Untitled_1 (0.002767s)
[2018.11.22-17.35.36:937][759]LogInit: XAudio2 using 'Speakers / Headphones (Realtek Audio)' : 2 channels at 48 kHz using 32 bits per sample (channel mask 0x3)
[2018.11.22-17.35.36:950][759]LogInit: FAudioDevice initialized.
[2018.11.22-17.35.36:987][759]LogLoad: Game class is 'GameModeBase'
[2018.11.22-17.35.36:989][759]LogWorld: Bringing World /Temp/UEDPIE_0_Untitled_1.Untitled_1 up for play (max tick rate 60) at 2018.11.22-12.35.36
[2018.11.22-17.35.36:989][759]LogWorld: Bringing up level for play took: 0.000876
[2018.11.22-17.35.37:002][759]PIE: Play in editor start time for /Temp/UEDPIE_0_Untitled_1 -0.62
[2018.11.22-17.35.41:165][  8]LogSlate: Updating window title bar state: overlay mode, drag disabled, window buttons hidden, title bar hidden
[2018.11.22-17.35.41:194][  8]LogPlayLevel: Display: Shutting down PIE online subsystems
[2018.11.22-17.35.41:222][  8]LogSlate: Updating window title bar state: overlay mode, drag disabled, window buttons hidden, title bar hidden
[2018.11.22-17.35.41:266][ 10]LogPlayLevel: Display: Destroying online subsystem :Context_6
[2018.11.22-17.35.46:150][303]LogSlate: FSceneViewport::OnFocusLost() reason 0
[2018.11.22-17.38.58:595][460]LogSavePackage: Moving '../../../../../../Users/sidgwa/Documents/Game Development 1/GameDev-4/Project4/Saved/Untitled_1_Auto108B6FAD647E3928531F8E583CFEA5C1C.tmp' to '../../../../../../Users/sidgwa/Documents/Game Development 1/GameDev-4/Project4/Saved/Autosaves/Temp/Untitled_1_Auto1.umap'
[2018.11.22-17.38.58:608][460]LogFileHelpers: Editor autosave (incl. sublevels) for '/Temp/Untitled_1' took 0.071
[2018.11.22-17.38.58:608][460]LogFileHelpers: Editor autosave (incl. sublevels) for all levels took 0.071
[2018.11.22-17.41.09:683][889]LogTemp: Repeating last play command: Selected Viewport
[2018.11.22-17.41.09:699][889]LogPlayLevel: PlayLevel: No blueprints needed recompiling
[2018.11.22-17.41.09:699][889]PIE: New page: PIE session: Untitled_1 (Nov 22, 2018, 7:41:09 AM)
[2018.11.22-17.41.09:699][889]LogPlayLevel: Creating play world package: /Temp/UEDPIE_0_Untitled_1
[2018.11.22-17.41.09:702][889]LogPlayLevel: PIE: StaticDuplicateObject took: (0.002595s)
[2018.11.22-17.41.09:702][889]LogAIModule: Creating AISystem for world Untitled_1
[2018.11.22-17.41.09:702][889]LogPlayLevel: PIE: World Init took: (0.000905s)
[2018.11.22-17.41.09:703][889]LogPlayLevel: PIE: Created PIE world by copying editor world from /Temp/Untitled_1.Untitled_1 to /Temp/UEDPIE_0_Untitled_1.Untitled_1 (0.003672s)
[2018.11.22-17.41.09:768][889]LogInit: XAudio2 using 'Speakers / Headphones (Realtek Audio)' : 2 channels at 48 kHz using 32 bits per sample (channel mask 0x3)
[2018.11.22-17.41.09:784][889]LogInit: FAudioDevice initialized.
[2018.11.22-17.41.09:818][889]LogLoad: Game class is 'GameModeBase'
[2018.11.22-17.41.09:819][889]LogWorld: Bringing World /Temp/UEDPIE_0_Untitled_1.Untitled_1 up for play (max tick rate 60) at 2018.11.22-12.41.09
[2018.11.22-17.41.09:820][889]LogWorld: Bringing up level for play took: 0.000780
[2018.11.22-17.41.09:833][889]PIE: Play in editor start time for /Temp/UEDPIE_0_Untitled_1 0.211
[2018.11.22-17.41.14:868][189]LogSlate: Updating window title bar state: overlay mode, drag disabled, window buttons hidden, title bar hidden
[2018.11.22-17.41.14:901][189]LogPlayLevel: Display: Shutting down PIE online subsystems
[2018.11.22-17.41.14:922][189]LogSlate: Updating window title bar state: overlay mode, drag disabled, window buttons hidden, title bar hidden
[2018.11.22-17.41.14:974][192]LogPlayLevel: Display: Destroying online subsystem :Context_7
[2018.11.22-17.43.27:507][143]LogSlate: FSceneViewport::OnFocusLost() reason 0
[2018.11.22-17.43.28:192][184]LogTemp: Repeating last play command: Selected Viewport
[2018.11.22-17.43.28:200][184]LogPlayLevel: PlayLevel: No blueprints needed recompiling
[2018.11.22-17.43.28:200][184]PIE: New page: PIE session: Untitled_1 (Nov 22, 2018, 7:43:28 AM)
[2018.11.22-17.43.28:200][184]LogPlayLevel: Creating play world package: /Temp/UEDPIE_0_Untitled_1
[2018.11.22-17.43.28:202][184]LogPlayLevel: PIE: StaticDuplicateObject took: (0.001870s)
[2018.11.22-17.43.28:203][184]LogAIModule: Creating AISystem for world Untitled_1
[2018.11.22-17.43.28:203][184]LogPlayLevel: PIE: World Init took: (0.001264s)
[2018.11.22-17.43.28:203][184]LogPlayLevel: PIE: Created PIE world by copying editor world from /Temp/Untitled_1.Untitled_1 to /Temp/UEDPIE_0_Untitled_1.Untitled_1 (0.003313s)
[2018.11.22-17.43.28:238][184]LogInit: XAudio2 using 'Speakers / Headphones (Realtek Audio)' : 2 channels at 48 kHz using 32 bits per sample (channel mask 0x3)
[2018.11.22-17.43.28:251][184]LogInit: FAudioDevice initialized.
[2018.11.22-17.43.28:283][184]LogLoad: Game class is 'GameModeBase'
[2018.11.22-17.43.28:284][184]LogWorld: Bringing World /Temp/UEDPIE_0_Untitled_1.Untitled_1 up for play (max tick rate 60) at 2018.11.22-12.43.28
[2018.11.22-17.43.28:284][184]LogWorld: Bringing up level for play took: 0.000470
[2018.11.22-17.43.28:297][184]PIE: Play in editor start time for /Temp/UEDPIE_0_Untitled_1 0.674
[2018.11.22-17.43.32:565][439]LogSlate: Updating window title bar state: overlay mode, drag disabled, window buttons hidden, title bar hidden
[2018.11.22-17.43.32:598][439]LogPlayLevel: Display: Shutting down PIE online subsystems
[2018.11.22-17.43.32:622][439]LogSlate: Updating window title bar state: overlay mode, drag disabled, window buttons hidden, title bar hidden
[2018.11.22-17.43.32:666][442]LogPlayLevel: Display: Destroying online subsystem :Context_8
[2018.11.22-17.46.02:819][450]LogSlate: FSceneViewport::OnFocusLost() reason 0
[2018.11.22-17.46.38:075][559]LogSlate: Window 'Select Path' being destroyed
[2018.11.22-17.46.40:178][676]LogSlate: Took 0.000160 seconds to synchronously load lazily loaded font '../../../Engine/Content/Slate/Fonts/Roboto-Light.ttf' (167K)
[2018.11.22-17.49.08:777][835]LogSavePackage: Moving '../../../../../../Users/sidgwa/Documents/Game Development 1/GameDev-4/Project4/Saved/Untitled_1_Auto2CE1D44524A78D2EBE0A6F4AB9EE29E4E.tmp' to '../../../../../../Users/sidgwa/Documents/Game Development 1/GameDev-4/Project4/Saved/Autosaves/Temp/Untitled_1_Auto2.umap'
[2018.11.22-17.49.08:783][835]LogFileHelpers: Editor autosave (incl. sublevels) for '/Temp/Untitled_1' took 0.054
[2018.11.22-17.49.08:783][835]LogFileHelpers: Editor autosave (incl. sublevels) for all levels took 0.054
[2018.11.22-17.49.33:986][321]LogSlate: Window 'Select Path' being destroyed
[2018.11.22-17.49.34:132][321]LogAssetEditorManager: Opening Asset editor for Blueprint /Game/Blueprints/Player_Blueprint.Player_Blueprint
[2018.11.22-17.49.34:612][321]LogContentBrowser: Native class hierarchy updated for 'BlueprintGraph' in 0.0006 seconds. Added 116 classes and 0 folders.
[2018.11.22-17.49.40:288][602]LogSlate: Took 0.005783 seconds to synchronously load lazily loaded font '../../../Engine/Content/Slate/Fonts/Roboto-BoldCondensed.ttf' (158K)
[2018.11.22-17.51.54:390][258]LogSelectionDetails: Warning: NavigateToFunctionSource:  Unable to find symbols for 'UBlueprintMapLibrary::Map_Keys' [Element not found.]
[2018.11.22-17.59.09:252][231]LogSavePackage: Moving '../../../../../../Users/sidgwa/Documents/Game Development 1/GameDev-4/Project4/Saved/Untitled_1_Auto35130A8D242A46B89F24C8397899429AF.tmp' to '../../../../../../Users/sidgwa/Documents/Game Development 1/GameDev-4/Project4/Saved/Autosaves/Temp/Untitled_1_Auto3.umap'
[2018.11.22-17.59.09:259][231]LogFileHelpers: Editor autosave (incl. sublevels) for '/Temp/Untitled_1' took 0.069
[2018.11.22-17.59.09:260][231]LogFileHelpers: Editor autosave (incl. sublevels) for all levels took 0.069
[2018.11.22-17.59.09:264][231]OBJ SavePackage: Generating thumbnails for [0] asset(s) in package [/Game/Blueprints/Player_Blueprint] ([1] browsable assets)...
[2018.11.22-17.59.09:264][231]OBJ SavePackage: Finished generating thumbnails for package [/Game/Blueprints/Player_Blueprint]
[2018.11.22-17.59.09:283][231]LogSavePackage: Moving '../../../../../../Users/sidgwa/Documents/Game Development 1/GameDev-4/Project4/Saved/Player_Blueprint_Auto30CD1BCA145BE12FD982F89A2E283526D.tmp' to '../../../../../../Users/sidgwa/Documents/Game Development 1/GameDev-4/Project4/Saved/Autosaves/Game/Blueprints/Player_Blueprint_Auto3.uasset'
[2018.11.22-17.59.09:287][231]LogFileHelpers: Auto-saving content packages took 0.025
[2018.11.22-20.18.53:201][242]LogSavePackage: Moving '../../../../../../Users/sidgwa/Documents/Game Development 1/GameDev-4/Project4/Saved/Player_Blueprint301A48264EA8F10E2D56BBBC4534A4A3.tmp' to '../../../../../../Users/sidgwa/Documents/Game Development 1/GameDev-4/Project4/Content/Blueprints/Player_Blueprint.uasset'
[2018.11.22-20.18.54:431][308]LogSlate: Window 'Player_Blueprint' being destroyed
[2018.11.22-20.18.54:439][308]LogSlate: Window 'Player_Blueprint' being destroyed
[2018.11.22-20.18.55:763][345]LogSavePackage: Moving '../../../../../../Users/sidgwa/Documents/Game Development 1/GameDev-4/Project4/Saved/Player_Blueprint49CDD4584F83D2847A854181E41F31F2.tmp' to '../../../../../../Users/sidgwa/Documents/Game Development 1/GameDev-4/Project4/Content/Blueprints/Player_Blueprint.uasset'
[2018.11.22-20.19.00:429][439]LogSlate: Window 'Save Content' being destroyed
[2018.11.22-20.19.07:654][439]LogSlate: Window 'Save Level As' being destroyed
[2018.11.22-20.19.07:745][439]Cmd: OBJ SAVEPACKAGE PACKAGE="/Game/GameView" FILE="../../../../../../Users/sidgwa/Documents/Game Development 1/GameDev-4/Project4/Content/GameView.umap" SILENT=true AUTOSAVING=false KEEPDIRTY=false
[2018.11.22-20.19.07:822][439]LogSavePackage: Moving '../../../../../../Users/sidgwa/Documents/Game Development 1/GameDev-4/Project4/Saved/GameViewF81800D549FC08613B57F0AC2E8DC324.tmp' to '../../../../../../Users/sidgwa/Documents/Game Development 1/GameDev-4/Project4/Content/GameView.umap'
[2018.11.22-20.19.07:879][439]LogFileHelpers: Saving map 'GameView' took 0.217
[2018.11.22-20.19.07:953][439]LogSlate: Window 'Project4 - Unreal Editor' being destroyed
[2018.11.22-20.19.07:954][439]LogWindowsTextInputMethodSystem: Display: IME system now deactivated.
[2018.11.22-20.19.08:298][440]Cmd: QUIT_EDITOR
[2018.11.22-20.19.08:462][440]LogExit: Preparing to exit.
[2018.11.22-20.19.09:518][440]LogExit: Editor shut down
[2018.11.22-20.19.09:519][440]LogExit: Transaction tracking system shut down
[2018.11.22-20.19.10:082][440]LogExit: Object subsystem successfully closed.
[2018.11.22-20.19.10:138][440]LogShaderCompilers: Display: Shaders left to compile 0
[2018.11.22-20.19.10:145][440]LogD3D11RHI: Shutdown
[2018.11.22-20.19.10:145][440]LogD3D11RHI: CleanupD3DDevice
[2018.11.22-20.19.10:161][440]LogD3D11RHI: ~FD3D11DynamicRHI
[2018.11.22-20.19.10:280][440]LogModuleManager: Shutting down and abandoning module BlueprintGraph (618)
[2018.11.22-20.19.10:282][440]LogModuleManager: Shutting down and abandoning module MovieSceneCapture (616)
[2018.11.22-20.19.10:282][440]LogModuleManager: Shutting down and abandoning module Voice (614)
[2018.11.22-20.19.10:282][440]LogModuleManager: Shutting down and abandoning module HierarchicalLODOutliner (612)
[2018.11.22-20.19.10:282][440]LogModuleManager: Shutting down and abandoning module SceneOutliner (610)
[2018.11.22-20.19.10:282][440]LogModuleManager: Shutting down and abandoning module AddContentDialog (608)
[2018.11.22-20.19.10:287][440]LogModuleManager: Shutting down and abandoning module WidgetCarousel (607)
[2018.11.22-20.19.10:287][440]LogModuleManager: Shutting down and abandoning module EditorWidgets (604)
[2018.11.22-20.19.10:287][440]LogModuleManager: Shutting down and abandoning module CollectionManager (602)
[2018.11.22-20.19.10:289][440]LogModuleManager: Shutting down and abandoning module HierarchicalLODUtilities (600)
[2018.11.22-20.19.10:289][440]LogModuleManager: Shutting down and abandoning module StatsViewer (598)
[2018.11.22-20.19.10:290][440]LogModuleManager: Shutting down and abandoning module FoliageEdit (596)
[2018.11.22-20.19.10:290][440]LogModuleManager: Shutting down and abandoning module LandscapeEditor (594)
[2018.11.22-20.19.10:293][440]LogModuleManager: Shutting down and abandoning module MeshPaintMode (592)
[2018.11.22-20.19.10:293][440]LogModuleManager: Shutting down and abandoning module SceneDepthPickerMode (590)
[2018.11.22-20.19.10:293][440]LogModuleManager: Shutting down and abandoning module ActorPickerMode (588)
[2018.11.22-20.19.10:293][440]LogModuleManager: Shutting down and abandoning module GeometryMode (586)
[2018.11.22-20.19.10:293][440]LogModuleManager: Shutting down and abandoning module TextureAlignMode (584)
[2018.11.22-20.19.10:293][440]LogModuleManager: Shutting down and abandoning module BspMode (582)
[2018.11.22-20.19.10:293][440]LogModuleManager: Shutting down and abandoning module PIEPreviewDeviceProfileSelector (580)
[2018.11.22-20.19.10:293][440]LogModuleManager: Shutting down and abandoning module SequenceRecorderSections (578)
[2018.11.22-20.19.10:293][440]LogModuleManager: Shutting down and abandoning module AutomationWorker (576)
[2018.11.22-20.19.10:294][440]LogModuleManager: Shutting down and abandoning module AudioCaptureEditor (574)
[2018.11.22-20.19.10:294][440]LogModuleManager: Shutting down and abandoning module SequenceRecorder (573)
[2018.11.22-20.19.10:295][440]LogModuleManager: Shutting down and abandoning module MatineeToLevelSequence (570)
[2018.11.22-20.19.10:296][440]LogModuleManager: Shutting down and abandoning module LevelSequenceEditor (568)
[2018.11.22-20.19.10:298][440]LogModuleManager: Shutting down and abandoning module PlacementMode (567)
[2018.11.22-20.19.10:298][440]LogModuleManager: Shutting down and abandoning module MaterialEditor (566)
[2018.11.22-20.19.10:300][440]LogModuleManager: Shutting down and abandoning module WmfMediaFactory (562)
[2018.11.22-20.19.10:300][440]LogModuleManager: Shutting down and abandoning module WmfMediaEditor (560)
[2018.11.22-20.19.10:300][440]LogModuleManager: Shutting down and abandoning module MediaPlayerEditor (558)
[2018.11.22-20.19.10:301][440]LogModuleManager: Shutting down and abandoning module OpenExrWrapper (556)
[2018.11.22-20.19.10:301][440]LogModuleManager: Shutting down and abandoning module ImgMediaFactory (554)
[2018.11.22-20.19.10:301][440]LogModuleManager: Shutting down and abandoning module ImgMediaEditor (552)
[2018.11.22-20.19.10:301][440]LogModuleManager: Shutting down and abandoning module AvfMediaFactory (550)
[2018.11.22-20.19.10:301][440]LogModuleManager: Shutting down and abandoning module AvfMediaEditor (548)
[2018.11.22-20.19.10:301][440]LogModuleManager: Shutting down and abandoning module AndroidMediaFactory (546)
[2018.11.22-20.19.10:301][440]LogModuleManager: Shutting down and abandoning module AndroidMediaEditor (544)
[2018.11.22-20.19.10:301][440]LogModuleManager: Shutting down and abandoning module MagicLeapCameraPreviewFactory (542)
[2018.11.22-20.19.10:301][440]LogModuleManager: Shutting down and abandoning module MagicLeapMediaFactory (540)
[2018.11.22-20.19.10:301][440]LogModuleManager: Shutting down and abandoning module MagicLeapMediaEditor (538)
[2018.11.22-20.19.10:301][440]LogModuleManager: Shutting down and abandoning module CharacterAI (536)
[2018.11.22-20.19.10:301][440]LogModuleManager: Shutting down and abandoning module SmartSnapping (534)
[2018.11.22-20.19.10:301][440]LogModuleManager: Shutting down and abandoning module SessionServices (532)
[2018.11.22-20.19.10:301][440]LogModuleManager: Shutting down and abandoning module ViewportSnapping (530)
[2018.11.22-20.19.10:301][440]LogModuleManager: Shutting down and abandoning module ViewportInteraction (528)
[2018.11.22-20.19.10:301][440]LogModuleManager: Shutting down and abandoning module ClothPainter (526)
[2018.11.22-20.19.10:303][440]LogModuleManager: Shutting down and abandoning module SkeletalMeshEditor (525)
[2018.11.22-20.19.10:304][440]LogModuleManager: Shutting down and abandoning module LogVisualizer (522)
[2018.11.22-20.19.10:306][440]LogModuleManager: Shutting down and abandoning module IntroTutorials (520)
[2018.11.22-20.19.10:307][440]LogModuleManager: Shutting down and abandoning module GameProjectGeneration (519)
[2018.11.22-20.19.10:308][440]LogModuleManager: Shutting down and abandoning module LuminPlatformEditor (516)
[2018.11.22-20.19.10:308][440]LogModuleManager: Shutting down and abandoning module IOSPlatformEditor (514)
[2018.11.22-20.19.10:309][440]LogModuleManager: Shutting down and abandoning module HTML5PlatformEditor (512)
[2018.11.22-20.19.10:309][440]LogModuleManager: Shutting down and abandoning module AndroidPlatformEditor (510)
[2018.11.22-20.19.10:309][440]LogModuleManager: Shutting down and abandoning module AndroidDeviceDetection (509)
[2018.11.22-20.19.11:445][440]LogModuleManager: Shutting down and abandoning module WindowsPlatformEditor (506)
[2018.11.22-20.19.11:445][440]LogModuleManager: Shutting down and abandoning module LuminRuntimeSettings (504)
[2018.11.22-20.19.11:445][440]LogModuleManager: Shutting down and abandoning module IOSRuntimeSettings (502)
[2018.11.22-20.19.11:445][440]LogModuleManager: Shutting down and abandoning module AndroidRuntimeSettings (500)
[2018.11.22-20.19.11:445][440]LogModuleManager: Shutting down and abandoning module InputBindingEditor (498)
[2018.11.22-20.19.11:445][440]LogModuleManager: Shutting down and abandoning module MergeActors (496)
[2018.11.22-20.19.11:446][440]LogModuleManager: Shutting down and abandoning module LocalizationDashboard (494)
[2018.11.22-20.19.11:447][440]LogModuleManager: Shutting down and abandoning module LocalizationService (493)
[2018.11.22-20.19.11:448][440]LogModuleManager: Shutting down and abandoning module HardwareTargeting (490)
[2018.11.22-20.19.11:448][440]LogModuleManager: Shutting down and abandoning module DeviceProfileEditor (488)
[2018.11.22-20.19.11:448][440]LogModuleManager: Shutting down and abandoning module UndoHistory (486)
[2018.11.22-20.19.11:449][440]LogModuleManager: Shutting down and abandoning module XmlParser (484)
[2018.11.22-20.19.11:449][440]LogModuleManager: Shutting down and abandoning module Blutility (482)
[2018.11.22-20.19.11:449][440]LogModuleManager: Shutting down and abandoning module ProjectSettingsViewer (480)
[2018.11.22-20.19.11:449][440]LogModuleManager: Shutting down and abandoning module ProjectTargetPlatformEditor (479)
[2018.11.22-20.19.11:450][440]LogModuleManager: Shutting down and abandoning module EditorSettingsViewer (476)
[2018.11.22-20.19.11:451][440]LogModuleManager: Shutting down and abandoning module SettingsEditor (474)
[2018.11.22-20.19.11:451][440]LogModuleManager: Shutting down and abandoning module ProjectLauncher (472)
[2018.11.22-20.19.11:452][440]LogModuleManager: Shutting down and abandoning module SessionFrontend (470)
[2018.11.22-20.19.11:453][440]LogModuleManager: Shutting down and abandoning module ProfilerClient (468)
[2018.11.22-20.19.11:453][440]LogModuleManager: Shutting down and abandoning module DeviceManager (466)
[2018.11.22-20.19.11:454][440]LogModuleManager: Shutting down and abandoning module TargetDeviceServices (465)
[2018.11.22-20.19.11:520][440]LogModuleManager: Shutting down and abandoning module AutomationController (462)
[2018.11.22-20.19.11:521][440]LogModuleManager: Shutting down and abandoning module AutomationWindow (460)
[2018.11.22-20.19.11:522][440]LogModuleManager: Shutting down and abandoning module Layers (458)
[2018.11.22-20.19.11:523][440]LogModuleManager: Shutting down and abandoning module ComponentVisualizers (456)
[2018.11.22-20.19.11:523][440]LogModuleManager: Shutting down and abandoning module DetailCustomizations (454)
[2018.11.22-20.19.11:525][440]LogModuleManager: Shutting down and abandoning module PackagesDialog (452)
[2018.11.22-20.19.11:525][440]LogModuleManager: Shutting down and abandoning module Persona (450)
[2018.11.22-20.19.11:526][440]LogModuleManager: Shutting down and abandoning module AdvancedPreviewScene (449)
[2018.11.22-20.19.11:526][440]LogModuleManager: Shutting down and abandoning module AnimGraph (447)
[2018.11.22-20.19.11:526][440]LogModuleManager: Shutting down and abandoning module Kismet (444)
[2018.11.22-20.19.11:535][440]LogModuleManager: Shutting down and abandoning module GraphEditor (442)
[2018.11.22-20.19.11:536][440]LogModuleManager: Shutting down and abandoning module ClassViewer (440)
[2018.11.22-20.19.11:536][440]LogModuleManager: Shutting down and abandoning module Toolbox (438)
[2018.11.22-20.19.11:536][440]LogModuleManager: Shutting down and abandoning module ModuleUI (436)
[2018.11.22-20.19.11:537][440]LogModuleManager: Shutting down and abandoning module MovieSceneTools (434)
[2018.11.22-20.19.11:538][440]LogModuleManager: Shutting down and abandoning module OutputLog (432)
[2018.11.22-20.19.11:538][440]LogModuleManager: Shutting down and abandoning module GammaUI (430)
[2018.11.22-20.19.11:539][440]LogModuleManager: Shutting down and abandoning module Documentation (428)
[2018.11.22-20.19.11:542][440]LogModuleManager: Shutting down and abandoning module MovieSceneTracks (426)
[2018.11.22-20.19.11:542][440]LogModuleManager: Shutting down and abandoning module MovieScene (424)
[2018.11.22-20.19.11:542][440]LogModuleManager: Shutting down and abandoning module StreamingPauseRendering (422)
[2018.11.22-20.19.11:542][440]LogModuleManager: Shutting down and abandoning module LauncherPlatform (420)
[2018.11.22-20.19.11:542][440]LogModuleManager: Shutting down and abandoning module AnalyticsET (418)
[2018.11.22-20.19.11:542][440]LogModuleManager: Shutting down and abandoning module PortalServices (416)
[2018.11.22-20.19.11:542][440]LogModuleManager: Shutting down and abandoning module PortalRpc (414)
[2018.11.22-20.19.11:542][440]LogModuleManager: Shutting down and abandoning module MessagingRpc (412)
[2018.11.22-20.19.11:542][440]LogModuleManager: Shutting down and abandoning module AIModule (410)
[2018.11.22-20.19.11:543][440]LogModuleManager: Shutting down and abandoning module GameplayDebugger (409)
[2018.11.22-20.19.11:544][440]LogModuleManager: Shutting down and abandoning module AITestSuite (407)
[2018.11.22-20.19.11:544][440]LogModuleManager: Shutting down and abandoning module NavigationSystem (405)
[2018.11.22-20.19.11:544][440]LogModuleManager: Shutting down and abandoning module DesktopPlatform (402)
[2018.11.22-20.19.11:545][440]LogModuleManager: Shutting down and abandoning module ProfilerService (400)
[2018.11.22-20.19.11:725][440]LogModuleManager: Shutting down and abandoning module TaskGraph (398)
[2018.11.22-20.19.11:725][440]LogModuleManager: Shutting down and abandoning module SteamVRController (396)
[2018.11.22-20.19.11:725][440]LogModuleManager: Shutting down and abandoning module ProceduralMeshComponentEditor (394)
[2018.11.22-20.19.11:726][440]LogModuleManager: Shutting down and abandoning module ProceduralMeshComponent (392)
[2018.11.22-20.19.11:726][440]LogModuleManager: Shutting down and abandoning module OculusInput (390)
[2018.11.22-20.19.11:726][440]LogModuleManager: Shutting down and abandoning module MobilePatchingUtils (388)
[2018.11.22-20.19.11:726][440]LogModuleManager: Shutting down and abandoning module EditableMesh (386)
[2018.11.22-20.19.11:726][440]LogModuleManager: Shutting down and abandoning module CustomMeshComponent (384)
[2018.11.22-20.19.11:726][440]LogModuleManager: Shutting down and abandoning module CableComponent (382)
[2018.11.22-20.19.11:726][440]LogModuleManager: Shutting down and abandoning module AudioCapture (380)
[2018.11.22-20.19.11:726][440]LogModuleManager: Shutting down and abandoning module ArchVisCharacter (378)
[2018.11.22-20.19.11:726][440]LogModuleManager: Shutting down and abandoning module AndroidPermission (376)
[2018.11.22-20.19.11:726][440]LogModuleManager: Shutting down and abandoning module NUTUnrealEngine4 (374)
[2018.11.22-20.19.11:726][440]LogModuleManager: Shutting down and abandoning module NetcodeUnitTest (372)
[2018.11.22-20.19.11:728][440]LogModuleManager: Shutting down and abandoning module MediaCompositingEditor (370)
[2018.11.22-20.19.11:728][440]LogModuleManager: Shutting down and abandoning module MediaCompositing (368)
[2018.11.22-20.19.11:728][440]LogModuleManager: Shutting down and abandoning module LinearTimecode (366)
[2018.11.22-20.19.11:728][440]LogModuleManager: Shutting down and abandoning module ImgMedia (364)
[2018.11.22-20.19.11:732][440]LogModuleManager: Shutting down and abandoning module HTML5Networking (362)
[2018.11.22-20.19.11:732][440]LogModuleManager: Shutting down and abandoning module GeometryCacheTracks (360)
[2018.11.22-20.19.11:732][440]LogModuleManager: Shutting down and abandoning module GeometryCacheSequencer (358)
[2018.11.22-20.19.11:732][440]LogModuleManager: Shutting down and abandoning module BackChannel (356)
[2018.11.22-20.19.11:733][440]LogModuleManager: Shutting down and abandoning module AppleVision (354)
[2018.11.22-20.19.11:733][440]LogModuleManager: Shutting down and abandoning module AppleImageUtils (352)
[2018.11.22-20.19.11:733][440]LogModuleManager: Shutting down and abandoning module AlembicImporter (350)
[2018.11.22-20.19.11:733][440]LogModuleManager: Shutting down and abandoning module AlembicLibrary (349)
[2018.11.22-20.19.11:733][440]LogModuleManager: Shutting down and abandoning module GeometryCache (348)
[2018.11.22-20.19.11:733][440]LogModuleManager: Shutting down and abandoning module GeometryCacheEd (347)
[2018.11.22-20.19.11:733][440]LogModuleManager: Shutting down and abandoning module DatasmithContentEditor (342)
[2018.11.22-20.19.11:733][440]LogModuleManager: Shutting down and abandoning module DatasmithContent (340)
[2018.11.22-20.19.11:734][440]LogModuleManager: Shutting down and abandoning module SpeedTreeImporter (338)
[2018.11.22-20.19.11:734][440]LogModuleManager: Shutting down and abandoning module PluginBrowser (336)
[2018.11.22-20.19.11:735][440]LogModuleManager: Shutting down and abandoning module MobileLauncherProfileWizard (334)
[2018.11.22-20.19.11:736][440]LogModuleManager: Shutting down and abandoning module PolygonModeling (332)
[2018.11.22-20.19.11:736][440]LogModuleManager: Shutting down and abandoning module MeshEditor (330)
[2018.11.22-20.19.11:736][440]LogModuleManager: Shutting down and abandoning module CryptoKeysOpenSSL (328)
[2018.11.22-20.19.11:737][440]LogModuleManager: Shutting down and abandoning module CryptoKeys (326)
[2018.11.22-20.19.11:737][440]LogModuleManager: Shutting down and abandoning module VisualStudioSourceCodeAccess (324)
[2018.11.22-20.19.11:737][440]LogModuleManager: Shutting down and abandoning module VisualStudioCodeSourceCodeAccess (322)
[2018.11.22-20.19.11:737][440]LogModuleManager: Shutting down and abandoning module UObjectPlugin (320)
[2018.11.22-20.19.11:737][440]LogModuleManager: Shutting down and abandoning module SubversionSourceControl (318)
[2018.11.22-20.19.11:738][440]LogModuleManager: Shutting down and abandoning module PerforceSourceControl (316)
[2018.11.22-20.19.11:740][440]LogModuleManager: Shutting down and abandoning module GitSourceControl (314)
[2018.11.22-20.19.11:741][440]LogModuleManager: Shutting down and abandoning module SourceControl (313)
[2018.11.22-20.19.11:742][440]LogModuleManager: Shutting down and abandoning module CLionSourceCodeAccess (310)
[2018.11.22-20.19.11:742][440]LogModuleManager: Shutting down and abandoning module LightPropagationVolumeEditor (308)
[2018.11.22-20.19.11:742][440]LogModuleManager: Shutting down and abandoning module PaperTiledImporter (306)
[2018.11.22-20.19.11:742][440]LogModuleManager: Shutting down and abandoning module PaperSpriteSheetImporter (304)
[2018.11.22-20.19.11:742][440]LogModuleManager: Shutting down and abandoning module Paper2DEditor (302)
[2018.11.22-20.19.11:743][440]LogModuleManager: Shutting down and abandoning module MeshPaint (301)
[2018.11.22-20.19.11:743][440]LogModuleManager: Shutting down and abandoning module RuntimePhysXCooking (298)
[2018.11.22-20.19.11:743][440]LogModuleManager: Shutting down and abandoning module PhysXVehiclesEditor (296)
[2018.11.22-20.19.11:743][440]LogModuleManager: Shutting down and abandoning module PhysXVehicles (294)
[2018.11.22-20.19.11:744][440]LogModuleManager: Shutting down and abandoning module OculusEditor (292)
[2018.11.22-20.19.11:744][440]LogModuleManager: Shutting down and abandoning module LocationServicesBPLibrary (290)
[2018.11.22-20.19.11:744][440]LogModuleManager: Shutting down and abandoning module ImmediatePhysicsEditor (288)
[2018.11.22-20.19.11:744][440]LogModuleManager: Shutting down and abandoning module ImmediatePhysics (286)
[2018.11.22-20.19.11:744][440]LogModuleManager: Shutting down and abandoning module ActorSequence (284)
[2018.11.22-20.19.11:744][440]LogModuleManager: Shutting down and abandoning module UdpMessaging (282)
[2018.11.22-20.19.11:845][440]LogModuleManager: Shutting down and abandoning module TcpMessaging (280)
[2018.11.22-20.19.11:946][440]LogModuleManager: Shutting down and abandoning module MagicLeapAudio (278)
[2018.11.22-20.19.11:946][440]LogModuleManager: Shutting down and abandoning module GameplayTagsEditor (276)
[2018.11.22-20.19.11:946][440]LogModuleManager: Shutting down and abandoning module FacialAnimationEditor (274)
[2018.11.22-20.19.11:946][440]LogModuleManager: Shutting down and abandoning module FacialAnimation (272)
[2018.11.22-20.19.11:946][440]LogModuleManager: Shutting down and abandoning module DataValidation (270)
[2018.11.22-20.19.11:947][440]LogModuleManager: Shutting down and abandoning module AssetManagerEditor (268)
[2018.11.22-20.19.11:948][440]LogModuleManager: Shutting down and abandoning module LevelEditor (267)
[2018.11.22-20.19.11:951][440]LogModuleManager: Shutting down and abandoning module PixelInspectorModule (266)
[2018.11.22-20.19.11:951][440]LogModuleManager: Shutting down and abandoning module CommonMenuExtensions (264)
[2018.11.22-20.19.11:952][440]LogModuleManager: Shutting down and abandoning module MainFrame (262)
[2018.11.22-20.19.11:952][440]LogModuleManager: Shutting down and abandoning module HotReload (261)
[2018.11.22-20.19.11:953][440]LogModuleManager: Shutting down and abandoning module ContentBrowser (257)
[2018.11.22-20.19.11:958][440]LogModuleManager: Shutting down and abandoning module TreeMap (255)
[2018.11.22-20.19.11:958][440]LogModuleManager: Shutting down and abandoning module LightPropagationVolumeRuntime (252)
[2018.11.22-20.19.11:958][440]LogModuleManager: Shutting down and abandoning module AISupportModule (250)
[2018.11.22-20.19.11:958][440]LogModuleManager: Shutting down and abandoning module Paper2D (248)
[2018.11.22-20.19.11:958][440]LogModuleManager: Shutting down and abandoning module WindowsMoviePlayer (246)
[2018.11.22-20.19.11:959][440]LogModuleManager: Shutting down and abandoning module WmfMedia (244)
[2018.11.22-20.19.11:961][440]LogModuleManager: Shutting down and abandoning module Media (243)
[2018.11.22-20.19.11:967][440]LogModuleManager: Shutting down and abandoning module PacketHandler (240)
[2018.11.22-20.19.11:967][440]LogModuleManager: Shutting down and abandoning module ClothingSystemEditor (238)
[2018.11.22-20.19.11:967][440]LogModuleManager: Shutting down and abandoning module ClothingSystemRuntime (236)
[2018.11.22-20.19.11:969][440]LogModuleManager: Shutting down and abandoning module MediaAssets (234)
[2018.11.22-20.19.11:969][440]LogModuleManager: Shutting down and abandoning module Overlay (232)
[2018.11.22-20.19.11:969][440]LogModuleManager: Shutting down and abandoning module OverlayEditor (231)
[2018.11.22-20.19.11:969][440]LogModuleManager: Shutting down and abandoning module VREditor (228)
[2018.11.22-20.19.11:969][440]LogModuleManager: Shutting down and abandoning module StringTableEditor (226)
[2018.11.22-20.19.11:970][440]LogModuleManager: Shutting down and abandoning module GameplayTasksEditor (224)
[2018.11.22-20.19.11:970][440]LogModuleManager: Shutting down and abandoning module BehaviorTreeEditor (222)
[2018.11.22-20.19.11:971][440]LogModuleManager: Shutting down and abandoning module FunctionalTesting (220)
[2018.11.22-20.19.11:971][440]LogModuleManager: Shutting down and abandoning module CollisionAnalyzer (218)
[2018.11.22-20.19.11:972][440]LogModuleManager: Shutting down and abandoning module WorkspaceMenuStructure (217)
[2018.11.22-20.19.11:974][440]LogModuleManager: Shutting down and abandoning module UMG (214)
[2018.11.22-20.19.11:974][440]LogModuleManager: Shutting down and abandoning module UMGEditor (213)
[2018.11.22-20.19.11:976][440]LogModuleManager: Shutting down and abandoning module Sequencer (212)
[2018.11.22-20.19.11:978][440]LogModuleManager: Shutting down and abandoning module MessageLog (209)
[2018.11.22-20.19.11:978][440]LogModuleManager: Shutting down and abandoning module SlateReflector (204)
[2018.11.22-20.19.11:980][440]LogModuleManager: Shutting down and abandoning module Slate (202)
[2018.11.22-20.19.11:980][440]LogModuleManager: Shutting down and abandoning module EditorStyle (200)
[2018.11.22-20.19.11:985][440]LogModuleManager: Shutting down and abandoning module MRMesh (198)
[2018.11.22-20.19.11:985][440]LogModuleManager: Shutting down and abandoning module SourceCodeAccess (196)
[2018.11.22-20.19.11:985][440]LogModuleManager: Shutting down and abandoning module HeadMountedDisplay (194)
[2018.11.22-20.19.11:985][440]LogModuleManager: Shutting down and abandoning module XAudio2 (192)
[2018.11.22-20.19.11:985][440]LogModuleManager: Shutting down and abandoning module Networking (190)
[2018.11.22-20.19.11:985][440]LogModuleManager: Shutting down and abandoning module Core (188)
[2018.11.22-20.19.11:985][440]LogModuleManager: Shutting down and abandoning module LevelSequence (186)
[2018.11.22-20.19.11:985][440]LogModuleManager: Shutting down and abandoning module KismetCompiler (184)
[2018.11.22-20.19.11:985][440]LogModuleManager: Shutting down and abandoning module MeshUtilities (182)
[2018.11.22-20.19.11:986][440]LogModuleManager: Shutting down and abandoning module MeshMergeUtilities (181)
[2018.11.22-20.19.11:988][440]LogModuleManager: Shutting down and abandoning module MeshReductionInterface (180)
[2018.11.22-20.19.11:988][440]LogModuleManager: Shutting down and abandoning module SimplygonSwarm (179)
[2018.11.22-20.19.11:988][440]LogModuleManager: Shutting down and abandoning module ProxyLODMeshReduction (177)
[2018.11.22-20.19.11:990][440]LogModuleManager: Shutting down and abandoning module SimplygonMeshReduction (175)
[2018.11.22-20.19.11:991][440]LogModuleManager: Shutting down and abandoning module QuadricMeshReduction (173)
[2018.11.22-20.19.11:991][440]LogModuleManager: Shutting down and abandoning module MaterialBaking (169)
[2018.11.22-20.19.11:992][440]LogModuleManager: Shutting down and abandoning module DirectoryWatcher (165)
[2018.11.22-20.19.11:993][440]LogModuleManager: Shutting down and abandoning module DerivedDataCache (162)
[2018.11.22-20.19.12:065][440]LogDerivedDataCache: Shutdown
[2018.11.22-20.19.12:066][440]LogModuleManager: Shutting down and abandoning module XGEController (160)
[2018.11.22-20.19.12:066][440]LogModuleManager: Shutting down and abandoning module TargetPlatform (158)
[2018.11.22-20.19.12:066][440]LogModuleManager: Shutting down and abandoning module VulkanShaderFormat (157)
[2018.11.22-20.19.12:067][440]LogModuleManager: Shutting down and abandoning module ShaderFormatVectorVM (155)
[2018.11.22-20.19.12:067][440]LogModuleManager: Shutting down and abandoning module ShaderFormatOpenGL (153)
[2018.11.22-20.19.12:067][440]LogModuleManager: Shutting down and abandoning module ShaderFormatD3D (151)
[2018.11.22-20.19.12:068][440]LogModuleManager: Shutting down and abandoning module MetalShaderFormat (149)
[2018.11.22-20.19.12:068][440]LogModuleManager: Shutting down and abandoning module TextureFormatUncompressed (147)
[2018.11.22-20.19.12:068][440]LogModuleManager: Shutting down and abandoning module TextureFormatPVR (145)
[2018.11.22-20.19.12:068][440]LogModuleManager: Shutting down and abandoning module TextureFormatDXT (143)
[2018.11.22-20.19.12:068][440]LogModuleManager: Shutting down and abandoning module TextureFormatIntelISPCTexComp (141)
[2018.11.22-20.19.12:069][440]LogModuleManager: Shutting down and abandoning module TextureFormatASTC (139)
[2018.11.22-20.19.12:069][440]LogModuleManager: Shutting down and abandoning module ImageWrapper (138)
[2018.11.22-20.19.12:069][440]LogModuleManager: Shutting down and abandoning module TextureFormatAndroid (135)
[2018.11.22-20.19.12:069][440]LogModuleManager: Shutting down and abandoning module AudioFormatOpus (133)
[2018.11.22-20.19.12:069][440]LogModuleManager: Shutting down and abandoning module AudioFormatOgg (131)
[2018.11.22-20.19.12:070][440]LogModuleManager: Shutting down and abandoning module AudioFormatADPCM (129)
[2018.11.22-20.19.12:070][440]LogModuleManager: Shutting down and abandoning module LuminTargetPlatform (127)
[2018.11.22-20.19.12:070][440]LogModuleManager: Shutting down and abandoning module LinuxTargetPlatform (125)
[2018.11.22-20.19.12:070][440]LogModuleManager: Shutting down and abandoning module LinuxServerTargetPlatform (123)
[2018.11.22-20.19.12:070][440]LogModuleManager: Shutting down and abandoning module LinuxNoEditorTargetPlatform (121)
[2018.11.22-20.19.12:070][440]LogModuleManager: Shutting down and abandoning module LinuxClientTargetPlatform (119)
[2018.11.22-20.19.12:070][440]LogModuleManager: Shutting down and abandoning module TVOSTargetPlatform (117)
[2018.11.22-20.19.12:075][440]LogModuleManager: Shutting down and abandoning module Messaging (115)
[2018.11.22-20.19.12:075][440]LogModuleManager: Shutting down and abandoning module IOSTargetPlatform (113)
[2018.11.22-20.19.12:079][440]LogModuleManager: Shutting down and abandoning module HTML5TargetPlatform (111)
[2018.11.22-20.19.12:079][440]LogModuleManager: Shutting down and abandoning module AndroidTargetPlatform (109)
[2018.11.22-20.19.12:120][440]LogModuleManager: Shutting down and abandoning module WindowsTargetPlatform (107)
[2018.11.22-20.19.12:120][440]LogModuleManager: Shutting down and abandoning module WindowsServerTargetPlatform (105)
[2018.11.22-20.19.12:120][440]LogModuleManager: Shutting down and abandoning module WindowsNoEditorTargetPlatform (103)
[2018.11.22-20.19.12:121][440]LogModuleManager: Shutting down and abandoning module WindowsClientTargetPlatform (101)
[2018.11.22-20.19.12:121][440]LogModuleManager: Shutting down and abandoning module MacTargetPlatform (99)
[2018.11.22-20.19.12:121][440]LogModuleManager: Shutting down and abandoning module MacServerTargetPlatform (97)
[2018.11.22-20.19.12:121][440]LogModuleManager: Shutting down and abandoning module MacNoEditorTargetPlatform (95)
[2018.11.22-20.19.12:122][440]LogModuleManager: Shutting down and abandoning module MacClientTargetPlatform (93)
[2018.11.22-20.19.12:122][440]LogModuleManager: Shutting down and abandoning module AllDesktopTargetPlatform (91)
[2018.11.22-20.19.12:122][440]LogModuleManager: Shutting down and abandoning module InputCore (88)
[2018.11.22-20.19.12:122][440]LogModuleManager: Shutting down and abandoning module Settings (86)
[2018.11.22-20.19.12:122][440]LogModuleManager: Shutting down and abandoning module PhysXCooking (84)
[2018.11.22-20.19.12:122][440]LogModuleManager: Shutting down and abandoning module SteamVR (82)
[2018.11.22-20.19.12:123][440]LogModuleManager: Shutting down and abandoning module OculusHMD (80)
[2018.11.22-20.19.12:123][440]LogModuleManager: Shutting down and abandoning module ExampleDeviceProfileSelector (78)
[2018.11.22-20.19.12:123][440]LogModuleManager: Shutting down and abandoning module LauncherChunkInstaller (76)
[2018.11.22-20.19.12:123][440]LogModuleManager: Shutting down and abandoning module OnlineBlueprintSupport (74)
[2018.11.22-20.19.12:123][440]LogModuleManager: Shutting down and abandoning module OnlineSubsystem (70)
[2018.11.22-20.19.12:126][440]LogModuleManager: Shutting down and abandoning module XMPP (65)
[2018.11.22-20.19.12:129][440]LogModuleManager: Shutting down and abandoning module WebSockets (64)
[2018.11.22-20.19.12:148][440]LogModuleManager: Shutting down and abandoning module HTTP (61)
[2018.11.22-20.19.12:149][440]LogHttp: Display: Http module shutting down, but needs to wait on 1 outstanding Http requests:
[2018.11.22-20.19.12:149][440]LogHttp: Display: 	verb=[POST] url=[https://datarouter.ol.epicgames.com/datarouter/api/v1/public/data?SessionID=%7BEDB824AC-4FA1-A6C7-0550-8B9FC32641CF%7D&AppID=UEEditor.Rocket.Release&AppVersion=4.20.3-4369336%2B%2B%2BUE4%2BRelease-4.20&UserID=1a1a26384a2a3ec9d1f32b8a2e031447%7Ceddb82624a644f288d69f2506908829f%7C581cd940-7b81-4409-a475-81f3752f43b7&AppEnvironment=datacollector-binary&UploadType=eteventstream] status=Processing
[2018.11.22-20.19.12:179][440]LogModuleManager: Shutting down and abandoning module SSL (60)
[2018.11.22-20.19.12:184][440]LogModuleManager: Shutting down and abandoning module MagicLeapEmulator (56)
[2018.11.22-20.19.12:184][440]LogModuleManager: Shutting down and abandoning module MagicLeapPrivileges (54)
[2018.11.22-20.19.12:184][440]LogModuleManager: Shutting down and abandoning module MagicLeapIdentity (52)
[2018.11.22-20.19.12:184][440]LogModuleManager: Shutting down and abandoning module MagicLeapHelperVulkan (50)
[2018.11.22-20.19.12:184][440]LogModuleManager: Shutting down and abandoning module MagicLeapHelperOpenGL (48)
[2018.11.22-20.19.12:184][440]LogModuleManager: Shutting down and abandoning module MagicLeapSecureStorage (46)
[2018.11.22-20.19.12:184][440]LogModuleManager: Shutting down and abandoning module MagicLeapGestures (44)
[2018.11.22-20.19.12:184][440]LogModuleManager: Shutting down and abandoning module MagicLeapEyeTracker (42)
[2018.11.22-20.19.12:184][440]LogModuleManager: Shutting down and abandoning module MagicLeapController (40)
[2018.11.22-20.19.12:185][440]LogSlate: Slate User Destroyed.  User Index 0, Is Virtual User: 0
[2018.11.22-20.19.12:185][440]LogModuleManager: Shutting down and abandoning module MagicLeap (38)
[2018.11.22-20.19.12:186][440]LogModuleManager: Shutting down and abandoning module AnimationModifiers (36)
[2018.11.22-20.19.12:187][440]LogModuleManager: Shutting down and abandoning module PropertyEditor (35)
[2018.11.22-20.19.12:188][440]LogModuleManager: Shutting down and abandoning module AudioEditor (32)
[2018.11.22-20.19.12:189][440]LogModuleManager: Shutting down and abandoning module TextureCompressor (30)
[2018.11.22-20.19.12:190][440]LogModuleManager: Shutting down and abandoning module ShaderCore (28)
[2018.11.22-20.19.12:190][440]LogModuleManager: Shutting down and abandoning module Landscape (26)
[2018.11.22-20.19.12:190][440]LogModuleManager: Shutting down and abandoning module SlateRHIRenderer (24)
[2018.11.22-20.19.12:194][440]LogModuleManager: Shutting down and abandoning module OpenGLDrv (22)
[2018.11.22-20.19.12:195][440]LogModuleManager: Shutting down and abandoning module D3D11RHI (20)
[2018.11.22-20.19.12:195][440]LogModuleManager: Shutting down and abandoning module AnimGraphRuntime (18)
[2018.11.22-20.19.12:195][440]LogModuleManager: Shutting down and abandoning module Renderer (16)
[2018.11.22-20.19.12:195][440]LogModuleManager: Shutting down and abandoning module Engine (14)
[2018.11.22-20.19.12:195][440]LogModuleManager: Shutting down and abandoning module CoreUObject (12)
[2018.11.22-20.19.12:195][440]LogModuleManager: Shutting down and abandoning module NetworkFile (10)
[2018.11.22-20.19.12:195][440]LogModuleManager: Shutting down and abandoning module CookedIterativeFile (8)
[2018.11.22-20.19.12:195][440]LogModuleManager: Shutting down and abandoning module StreamingFile (6)
[2018.11.22-20.19.12:195][440]LogModuleManager: Shutting down and abandoning module SandboxFile (4)
[2018.11.22-20.19.12:195][440]LogModuleManager: Shutting down and abandoning module PakFile (2)
[2018.11.22-20.19.12:204][440]LogExit: Exiting.
[2018.11.22-20.19.12:251][440]Log file closed, 11/22/18 15:19:12
